<?xml version="1.0" encoding="UTF-8"?>
<testsuites name="Verify common API" time="9" tests="6" failures="1" errors="0">
   <testsuite name="Verify common API" tests="6" failures="1" errors="0" time="9" timestamp="2018-12-19 17:20:22" hostname="hungtran - GLKV1G2.kms.com.vn" id="Test Suites/Regression Execution/API/Verify common API">
      <properties>
         <property name="deviceName" value=""/>
         <property name="devicePlatform" value=""/>
         <property name="logFolder" value="C:\\Users\\hungtran\\git\\demo-training\\Reports\\Regression Execution\\API\\Verify common API\\20181219_172020"/>
         <property name="logFiles" value="C:\\Users\\hungtran\\git\\demo-training\\Reports\\Regression Execution\\API\\Verify common API\\20181219_172020\\execution0.log"/>
         <property name="attachments" value=""/>
         <property name="hostName" value="hungtran - GLKV1G2.kms.com.vn"/>
         <property name="hostAddress" value="10.0.75.1"/>
         <property name="os" value="Windows 10 64bit"/>
         <property name="katalonVersion" value="5.8.4.14"/>
      </properties>
      <testcase name="Test Cases/Main Cases/Product Name/API/reqres/TC001_API_reqres_list_users_validation_(using Variables)" classname="Test Cases/Main Cases/Product Name/API/reqres/TC001_API_reqres_list_users_validation_(using Variables)" status="PASSED">
         <system-out><![CDATA[2018-12-19 17:20:23 - [TEST_CASE][PASSED] - Test Cases/Main Cases/Product Name/API/reqres/TC001_API_reqres_list_users_validation_(using Variables): Test Cases/Main Cases/Product Name/API/reqres/TC001_API_reqres_list_users_validation_(using Variables)

2018-12-19 17:20:23 - [TEST_STEP][PASSED] - Start listener action : beforeTestCase: Invoke 'com.kms.katalon.core.annotation.BeforeTestCase' method: 'TestCaseListener.beforeTestCase(...)' completed.

2018-12-19 17:20:23 - [TEST_STEP][PASSED] - Statement - response = com.kms.katalon.core.webservice.keyword.WSBuiltInKeywords.sendRequest(com.kms.katalon.core.testobject.ObjectRepository.findTestObject(Web Service Object/Product Name/Chain_API/RESTful/reqres/GET_list_users, [URL:internal.GlobalVariable.G_reqres_URL, page:page])): Send request successfully

2018-12-19 17:20:25 - [MESSAGE][PASSED] - Send request successfully

2018-12-19 17:20:25 - [TEST_STEP][PASSED] - verifyResponseStatusCode: Verify response status code successfully

2018-12-19 17:20:25 - [MESSAGE][PASSED] - Verify response status code successfully

2018-12-19 17:20:25 - [TEST_STEP][PASSED] - verifyElementPropertyValue: Verify element property value successfully

2018-12-19 17:20:25 - [MESSAGE][PASSED] - Verify element property value successfully

2018-12-19 17:20:25 - [TEST_STEP][PASSED] - verifyElementPropertyValue: Verify element property value successfully

2018-12-19 17:20:25 - [MESSAGE][PASSED] - Verify element property value successfully

2018-12-19 17:20:25 - [TEST_STEP][PASSED] - verifyElementPropertyValue: Verify element property value successfully

2018-12-19 17:20:25 - [MESSAGE][PASSED] - Verify element property value successfully

2018-12-19 17:20:25 - [TEST_STEP][PASSED] - verifyElementPropertyValue: Verify element property value successfully

2018-12-19 17:20:25 - [MESSAGE][PASSED] - Verify element property value successfully

2018-12-19 17:20:25 - [TEST_STEP][PASSED] - verifyElementPropertyValue: Verify element property value successfully

2018-12-19 17:20:25 - [MESSAGE][PASSED] - Verify element property value successfully

2018-12-19 17:20:25 - [TEST_STEP][PASSED] - Start listener action : afterTestCase: Invoke 'com.kms.katalon.core.annotation.AfterTestCase' method: 'TestCaseListener.afterTestCase(...)' completed.]]></system-out>
         <system-err><![CDATA[]]></system-err>
      </testcase>
      <testcase name="Test Cases/Main Cases/Product Name/API/reqres/TC002_API_reqres_list_users_validation_(using Test Data)" classname="Test Cases/Main Cases/Product Name/API/reqres/TC002_API_reqres_list_users_validation_(using Test Data)" status="PASSED">
         <system-out><![CDATA[2018-12-19 17:20:25 - [TEST_CASE][PASSED] - Test Cases/Main Cases/Product Name/API/reqres/TC002_API_reqres_list_users_validation_(using Test Data): Test Cases/Main Cases/Product Name/API/reqres/TC002_API_reqres_list_users_validation_(using Test Data)

2018-12-19 17:20:25 - [TEST_STEP][PASSED] - Start listener action : beforeTestCase: Invoke 'com.kms.katalon.core.annotation.BeforeTestCase' method: 'TestCaseListener.beforeTestCase(...)' completed.

2018-12-19 17:20:25 - [TEST_STEP][PASSED] - Statement - response = com.kms.katalon.core.webservice.keyword.WSBuiltInKeywords.sendRequest(com.kms.katalon.core.testobject.ObjectRepository.findTestObject(Web Service Object/Product Name/Chain_API/RESTful/reqres/GET_list_users, [URL:internal.GlobalVariable.G_reqres_URL, page:page])): Send request successfully

2018-12-19 17:20:26 - [MESSAGE][PASSED] - Send request successfully

2018-12-19 17:20:26 - [TEST_STEP][PASSED] - verifyResponseStatusCode: Verify response status code successfully

2018-12-19 17:20:26 - [MESSAGE][PASSED] - Verify response status code successfully

2018-12-19 17:20:26 - [TEST_STEP][PASSED] - verifyElementPropertyValue: Verify element property value successfully

2018-12-19 17:20:26 - [MESSAGE][PASSED] - Verify element property value successfully

2018-12-19 17:20:26 - [TEST_STEP][PASSED] - verifyElementPropertyValue: Verify element property value successfully

2018-12-19 17:20:26 - [MESSAGE][PASSED] - Verify element property value successfully

2018-12-19 17:20:26 - [TEST_STEP][PASSED] - verifyElementPropertyValue: Verify element property value successfully

2018-12-19 17:20:26 - [MESSAGE][PASSED] - Verify element property value successfully

2018-12-19 17:20:26 - [TEST_STEP][PASSED] - verifyElementPropertyValue: Verify element property value successfully

2018-12-19 17:20:26 - [MESSAGE][PASSED] - Verify element property value successfully

2018-12-19 17:20:26 - [TEST_STEP][PASSED] - verifyElementPropertyValue: Verify element property value successfully

2018-12-19 17:20:26 - [MESSAGE][PASSED] - Verify element property value successfully

2018-12-19 17:20:26 - [TEST_STEP][PASSED] - Start listener action : afterTestCase: Invoke 'com.kms.katalon.core.annotation.AfterTestCase' method: 'TestCaseListener.afterTestCase(...)' completed.]]></system-out>
         <system-err><![CDATA[]]></system-err>
      </testcase>
      <testcase name="Test Cases/Main Cases/Product Name/API/reqres/TC002_API_reqres_list_users_validation_(using Test Data)" classname="Test Cases/Main Cases/Product Name/API/reqres/TC002_API_reqres_list_users_validation_(using Test Data)" status="PASSED">
         <system-out><![CDATA[2018-12-19 17:20:26 - [TEST_CASE][PASSED] - Test Cases/Main Cases/Product Name/API/reqres/TC002_API_reqres_list_users_validation_(using Test Data): Test Cases/Main Cases/Product Name/API/reqres/TC002_API_reqres_list_users_validation_(using Test Data)

2018-12-19 17:20:26 - [TEST_STEP][PASSED] - Start listener action : beforeTestCase: Invoke 'com.kms.katalon.core.annotation.BeforeTestCase' method: 'TestCaseListener.beforeTestCase(...)' completed.

2018-12-19 17:20:26 - [TEST_STEP][PASSED] - Statement - response = com.kms.katalon.core.webservice.keyword.WSBuiltInKeywords.sendRequest(com.kms.katalon.core.testobject.ObjectRepository.findTestObject(Web Service Object/Product Name/Chain_API/RESTful/reqres/GET_list_users, [URL:internal.GlobalVariable.G_reqres_URL, page:page])): Send request successfully

2018-12-19 17:20:27 - [MESSAGE][PASSED] - Send request successfully

2018-12-19 17:20:27 - [TEST_STEP][PASSED] - verifyResponseStatusCode: Verify response status code successfully

2018-12-19 17:20:27 - [MESSAGE][PASSED] - Verify response status code successfully

2018-12-19 17:20:27 - [TEST_STEP][PASSED] - verifyElementPropertyValue: Verify element property value successfully

2018-12-19 17:20:27 - [MESSAGE][PASSED] - Verify element property value successfully

2018-12-19 17:20:27 - [TEST_STEP][PASSED] - verifyElementPropertyValue: Verify element property value successfully

2018-12-19 17:20:27 - [MESSAGE][PASSED] - Verify element property value successfully

2018-12-19 17:20:27 - [TEST_STEP][PASSED] - verifyElementPropertyValue: Verify element property value successfully

2018-12-19 17:20:27 - [MESSAGE][PASSED] - Verify element property value successfully

2018-12-19 17:20:27 - [TEST_STEP][PASSED] - verifyElementPropertyValue: Verify element property value successfully

2018-12-19 17:20:27 - [MESSAGE][PASSED] - Verify element property value successfully

2018-12-19 17:20:27 - [TEST_STEP][PASSED] - verifyElementPropertyValue: Verify element property value successfully

2018-12-19 17:20:27 - [MESSAGE][PASSED] - Verify element property value successfully

2018-12-19 17:20:27 - [TEST_STEP][PASSED] - Start listener action : afterTestCase: Invoke 'com.kms.katalon.core.annotation.AfterTestCase' method: 'TestCaseListener.afterTestCase(...)' completed.]]></system-out>
         <system-err><![CDATA[]]></system-err>
      </testcase>
      <testcase name="Test Cases/Main Cases/Product Name/API/reqres/TC002_API_reqres_list_users_validation_(using Test Data)" classname="Test Cases/Main Cases/Product Name/API/reqres/TC002_API_reqres_list_users_validation_(using Test Data)" status="PASSED">
         <system-out><![CDATA[2018-12-19 17:20:27 - [TEST_CASE][PASSED] - Test Cases/Main Cases/Product Name/API/reqres/TC002_API_reqres_list_users_validation_(using Test Data): Test Cases/Main Cases/Product Name/API/reqres/TC002_API_reqres_list_users_validation_(using Test Data)

2018-12-19 17:20:27 - [TEST_STEP][PASSED] - Start listener action : beforeTestCase: Invoke 'com.kms.katalon.core.annotation.BeforeTestCase' method: 'TestCaseListener.beforeTestCase(...)' completed.

2018-12-19 17:20:27 - [TEST_STEP][PASSED] - Statement - response = com.kms.katalon.core.webservice.keyword.WSBuiltInKeywords.sendRequest(com.kms.katalon.core.testobject.ObjectRepository.findTestObject(Web Service Object/Product Name/Chain_API/RESTful/reqres/GET_list_users, [URL:internal.GlobalVariable.G_reqres_URL, page:page])): Send request successfully

2018-12-19 17:20:28 - [MESSAGE][PASSED] - Send request successfully

2018-12-19 17:20:28 - [TEST_STEP][PASSED] - verifyResponseStatusCode: Verify response status code successfully

2018-12-19 17:20:28 - [MESSAGE][PASSED] - Verify response status code successfully

2018-12-19 17:20:28 - [TEST_STEP][PASSED] - verifyElementPropertyValue: Verify element property value successfully

2018-12-19 17:20:28 - [MESSAGE][PASSED] - Verify element property value successfully

2018-12-19 17:20:28 - [TEST_STEP][PASSED] - verifyElementPropertyValue: Verify element property value successfully

2018-12-19 17:20:28 - [MESSAGE][PASSED] - Verify element property value successfully

2018-12-19 17:20:28 - [TEST_STEP][PASSED] - verifyElementPropertyValue: Verify element property value successfully

2018-12-19 17:20:28 - [MESSAGE][PASSED] - Verify element property value successfully

2018-12-19 17:20:28 - [TEST_STEP][PASSED] - verifyElementPropertyValue: Verify element property value successfully

2018-12-19 17:20:28 - [MESSAGE][PASSED] - Verify element property value successfully

2018-12-19 17:20:28 - [TEST_STEP][PASSED] - verifyElementPropertyValue: Verify element property value successfully

2018-12-19 17:20:28 - [MESSAGE][PASSED] - Verify element property value successfully

2018-12-19 17:20:28 - [TEST_STEP][PASSED] - Start listener action : afterTestCase: Invoke 'com.kms.katalon.core.annotation.AfterTestCase' method: 'TestCaseListener.afterTestCase(...)' completed.]]></system-out>
         <system-err><![CDATA[]]></system-err>
      </testcase>
      <testcase name="Test Cases/Main Cases/Product Name/API/reqres/TC003_API_reqres_ChainAPI_users_validation_(using Test Data)" classname="Test Cases/Main Cases/Product Name/API/reqres/TC003_API_reqres_ChainAPI_users_validation_(using Test Data)" status="PASSED">
         <system-out><![CDATA[2018-12-19 17:20:28 - [TEST_CASE][PASSED] - Test Cases/Main Cases/Product Name/API/reqres/TC003_API_reqres_ChainAPI_users_validation_(using Test Data): Test Cases/Main Cases/Product Name/API/reqres/TC003_API_reqres_ChainAPI_users_validation_(using Test Data)

2018-12-19 17:20:28 - [TEST_STEP][PASSED] - Start listener action : beforeTestCase: Invoke 'com.kms.katalon.core.annotation.BeforeTestCase' method: 'TestCaseListener.beforeTestCase(...)' completed.

2018-12-19 17:20:28 - [TEST_STEP][PASSED] - Statement - responseListUsers = com.kms.katalon.core.webservice.keyword.WSBuiltInKeywords.sendRequest(com.kms.katalon.core.testobject.ObjectRepository.findTestObject(Web Service Object/Product Name/Chain_API/RESTful/reqres/GET_list_users, [URL:internal.GlobalVariable.G_reqres_URL, page:page])): Send request successfully

2018-12-19 17:20:28 - [MESSAGE][PASSED] - Send request successfully

2018-12-19 17:20:28 - [TEST_STEP][PASSED] - verifyResponseStatusCode: Verify response status code successfully

2018-12-19 17:20:28 - [MESSAGE][PASSED] - Verify response status code successfully

2018-12-19 17:20:28 - [TEST_STEP][PASSED] - verifyElementPropertyValue: Verify element property value successfully

2018-12-19 17:20:28 - [MESSAGE][PASSED] - Verify element property value successfully

2018-12-19 17:20:28 - [TEST_STEP][PASSED] - verifyElementPropertyValue: Verify element property value successfully

2018-12-19 17:20:28 - [MESSAGE][PASSED] - Verify element property value successfully

2018-12-19 17:20:28 - [TEST_STEP][PASSED] - verifyElementPropertyValue: Verify element property value successfully

2018-12-19 17:20:28 - [MESSAGE][PASSED] - Verify element property value successfully

2018-12-19 17:20:28 - [TEST_STEP][PASSED] - verifyElementPropertyValue: Verify element property value successfully

2018-12-19 17:20:28 - [MESSAGE][PASSED] - Verify element property value successfully

2018-12-19 17:20:28 - [TEST_STEP][PASSED] - verifyElementPropertyValue: Verify element property value successfully

2018-12-19 17:20:28 - [MESSAGE][PASSED] - Verify element property value successfully

2018-12-19 17:20:28 - [TEST_STEP][PASSED] - Statement - responseUser = com.kms.katalon.core.webservice.keyword.WSBuiltInKeywords.sendRequest(com.kms.katalon.core.testobject.ObjectRepository.findTestObject(Web Service Object/Product Name/Chain_API/RESTful/reqres/GET_single_user, [URL:internal.GlobalVariable.G_reqres_URL, user_id:user_id])): Send request successfully

2018-12-19 17:20:29 - [MESSAGE][PASSED] - Send request successfully

2018-12-19 17:20:29 - [TEST_STEP][PASSED] - verifyResponseStatusCode: Verify response status code successfully

2018-12-19 17:20:29 - [MESSAGE][PASSED] - Verify response status code successfully

2018-12-19 17:20:29 - [TEST_STEP][PASSED] - verifyElementPropertyValue: Verify element property value successfully

2018-12-19 17:20:29 - [MESSAGE][PASSED] - Verify element property value successfully

2018-12-19 17:20:29 - [TEST_STEP][PASSED] - verifyElementPropertyValue: Verify element property value successfully

2018-12-19 17:20:29 - [MESSAGE][PASSED] - Verify element property value successfully

2018-12-19 17:20:29 - [TEST_STEP][PASSED] - verifyElementPropertyValue: Verify element property value successfully

2018-12-19 17:20:29 - [MESSAGE][PASSED] - Verify element property value successfully

2018-12-19 17:20:29 - [TEST_STEP][PASSED] - verifyElementPropertyValue: Verify element property value successfully

2018-12-19 17:20:29 - [MESSAGE][PASSED] - Verify element property value successfully

2018-12-19 17:20:29 - [TEST_STEP][PASSED] - Start listener action : afterTestCase: Invoke 'com.kms.katalon.core.annotation.AfterTestCase' method: 'TestCaseListener.afterTestCase(...)' completed.]]></system-out>
         <system-err><![CDATA[]]></system-err>
      </testcase>
      <testcase name="Test Cases/Main Cases/Product Name/API/reqres/TC003_API_reqres_ChainAPI_users_validation_(using Test Data)" classname="Test Cases/Main Cases/Product Name/API/reqres/TC003_API_reqres_ChainAPI_users_validation_(using Test Data)" status="PASSED">
         <system-out><![CDATA[2018-12-19 17:20:29 - [TEST_CASE][PASSED] - Test Cases/Main Cases/Product Name/API/reqres/TC003_API_reqres_ChainAPI_users_validation_(using Test Data): Test Cases/Main Cases/Product Name/API/reqres/TC003_API_reqres_ChainAPI_users_validation_(using Test Data)

2018-12-19 17:20:29 - [TEST_STEP][PASSED] - Start listener action : beforeTestCase: Invoke 'com.kms.katalon.core.annotation.BeforeTestCase' method: 'TestCaseListener.beforeTestCase(...)' completed.

2018-12-19 17:20:29 - [TEST_STEP][PASSED] - Statement - responseListUsers = com.kms.katalon.core.webservice.keyword.WSBuiltInKeywords.sendRequest(com.kms.katalon.core.testobject.ObjectRepository.findTestObject(Web Service Object/Product Name/Chain_API/RESTful/reqres/GET_list_users, [URL:internal.GlobalVariable.G_reqres_URL, page:page])): Send request successfully

2018-12-19 17:20:30 - [MESSAGE][PASSED] - Send request successfully

2018-12-19 17:20:30 - [TEST_STEP][PASSED] - verifyResponseStatusCode: Verify response status code successfully

2018-12-19 17:20:30 - [MESSAGE][PASSED] - Verify response status code successfully

2018-12-19 17:20:30 - [TEST_STEP][PASSED] - verifyElementPropertyValue: Verify element property value successfully

2018-12-19 17:20:30 - [MESSAGE][PASSED] - Verify element property value successfully

2018-12-19 17:20:30 - [TEST_STEP][PASSED] - verifyElementPropertyValue: Verify element property value successfully

2018-12-19 17:20:30 - [MESSAGE][PASSED] - Verify element property value successfully

2018-12-19 17:20:30 - [TEST_STEP][PASSED] - verifyElementPropertyValue: Verify element property value successfully

2018-12-19 17:20:30 - [MESSAGE][PASSED] - Verify element property value successfully

2018-12-19 17:20:30 - [TEST_STEP][PASSED] - verifyElementPropertyValue: Verify element property value successfully

2018-12-19 17:20:30 - [MESSAGE][PASSED] - Verify element property value successfully

2018-12-19 17:20:30 - [TEST_STEP][PASSED] - verifyElementPropertyValue: Verify element property value successfully

2018-12-19 17:20:30 - [MESSAGE][PASSED] - Verify element property value successfully

2018-12-19 17:20:30 - [TEST_STEP][PASSED] - Statement - responseUser = com.kms.katalon.core.webservice.keyword.WSBuiltInKeywords.sendRequest(com.kms.katalon.core.testobject.ObjectRepository.findTestObject(Web Service Object/Product Name/Chain_API/RESTful/reqres/GET_single_user, [URL:internal.GlobalVariable.G_reqres_URL, user_id:user_id])): Send request successfully

2018-12-19 17:20:30 - [MESSAGE][PASSED] - Send request successfully

2018-12-19 17:20:30 - [TEST_STEP][PASSED] - verifyResponseStatusCode: Verify response status code successfully

2018-12-19 17:20:30 - [MESSAGE][PASSED] - Verify response status code successfully

2018-12-19 17:20:30 - [TEST_STEP][PASSED] - verifyElementPropertyValue: Verify element property value successfully

2018-12-19 17:20:30 - [MESSAGE][PASSED] - Verify element property value successfully

2018-12-19 17:20:30 - [TEST_STEP][PASSED] - verifyElementPropertyValue: Verify element property value successfully

2018-12-19 17:20:30 - [MESSAGE][PASSED] - Verify element property value successfully

2018-12-19 17:20:30 - [TEST_STEP][PASSED] - verifyElementPropertyValue: Verify element property value successfully

2018-12-19 17:20:30 - [MESSAGE][PASSED] - Verify element property value successfully

2018-12-19 17:20:30 - [TEST_STEP][PASSED] - verifyElementPropertyValue: Verify element property value successfully

2018-12-19 17:20:31 - [MESSAGE][PASSED] - Verify element property value successfully

2018-12-19 17:20:31 - [TEST_STEP][PASSED] - Start listener action : afterTestCase: Invoke 'com.kms.katalon.core.annotation.AfterTestCase' method: 'TestCaseListener.afterTestCase(...)' completed.]]></system-out>
         <system-err><![CDATA[]]></system-err>
      </testcase>
      <testcase name="Test Cases/Main Cases/Product Name/API/reqres/TC003_API_reqres_ChainAPI_users_validation_(using Test Data)" classname="Test Cases/Main Cases/Product Name/API/reqres/TC003_API_reqres_ChainAPI_users_validation_(using Test Data)" status="FAILED">
         <failure type="FAILED" message="(Stack trace: com.kms.katalon.core.exception.StepFailedException: Unable to send request (Root cause: javax.net.ssl.SSLException: Received fatal alert: &lt;UNKNOWN ALERT: 196>)
	at com.kms.katalon.core.keyword.internal.KeywordMain.stepFailed(KeywordMain.groovy:36)
	at com.kms.katalon.core.keyword.internal.KeywordMain.stepFailed(KeywordMain.groovy)
	at com.kms.katalon.core.keyword.internal.KeywordMain.runKeyword(KeywordMain.groovy:56)
	at com.kms.katalon.core.webservice.keyword.builtin.SendRequestKeyword.sendRequest(SendRequestKeyword.groovy:43)
	at com.kms.katalon.core.webservice.keyword.builtin.SendRequestKeyword.execute(SendRequestKeyword.groovy:38)
	at com.kms.katalon.core.keyword.internal.KeywordExecutor.executeKeywordForPlatform(KeywordExecutor.groovy:53)
	at com.kms.katalon.core.webservice.keyword.WSBuiltInKeywords.sendRequest(WSBuiltInKeywords.groovy:40)
	at com.kms.katalon.core.webservice.keyword.WSBuiltInKeywords$sendRequest.call(Unknown Source)
	at Script1545208677514.run(Script1545208677514.groovy:34)
	at com.kms.katalon.core.main.ScriptEngine.run(ScriptEngine.java:183)
	at com.kms.katalon.core.main.ScriptEngine.runScriptAsRawText(ScriptEngine.java:108)
	at com.kms.katalon.core.main.TestCaseExecutor.runScript(TestCaseExecutor.java:294)
	at com.kms.katalon.core.main.TestCaseExecutor.doExecute(TestCaseExecutor.java:285)
	at com.kms.katalon.core.main.TestCaseExecutor.processExecutionPhase(TestCaseExecutor.java:264)
	at com.kms.katalon.core.main.TestCaseExecutor.accessMainPhase(TestCaseExecutor.java:256)
	at com.kms.katalon.core.main.TestCaseExecutor.execute(TestCaseExecutor.java:200)
	at com.kms.katalon.core.main.TestSuiteExecutor.accessTestCaseMainPhase(TestSuiteExecutor.java:129)
	at com.kms.katalon.core.main.TestSuiteExecutor.accessTestSuiteMainPhase(TestSuiteExecutor.java:112)
	at com.kms.katalon.core.main.TestSuiteExecutor.execute(TestSuiteExecutor.java:81)
	at com.kms.katalon.core.main.TestCaseMain.startTestSuite(TestCaseMain.java:142)
	at com.kms.katalon.core.main.TestCaseMain$startTestSuite$0.call(Unknown Source)
	at org.codehaus.groovy.runtime.callsite.CallSiteArray.defaultCall(CallSiteArray.java:48)
	at org.codehaus.groovy.runtime.callsite.AbstractCallSite.call(AbstractCallSite.java:113)
	at org.codehaus.groovy.runtime.callsite.AbstractCallSite.call(AbstractCallSite.java:141)
	at TempTestSuite1545214820096.run(TempTestSuite1545214820096.groovy:36)
	at groovy.lang.GroovyShell.runScriptOrMainOrTestOrRunnable(GroovyShell.java:263)
	at groovy.lang.GroovyShell.run(GroovyShell.java:518)
	at groovy.lang.GroovyShell.run(GroovyShell.java:507)
	at groovy.ui.GroovyMain.processOnce(GroovyMain.java:653)
	at groovy.ui.GroovyMain.run(GroovyMain.java:384)
	at groovy.ui.GroovyMain.process(GroovyMain.java:370)
	at groovy.ui.GroovyMain.processArgs(GroovyMain.java:129)
	at groovy.ui.GroovyMain.main(GroovyMain.java:109)
	at sun.reflect.NativeMethodAccessorImpl.invoke0(Native Method)
	at sun.reflect.NativeMethodAccessorImpl.invoke(NativeMethodAccessorImpl.java:62)
	at sun.reflect.DelegatingMethodAccessorImpl.invoke(DelegatingMethodAccessorImpl.java:43)
	at java.lang.reflect.Method.invoke(Method.java:498)
	at org.codehaus.groovy.tools.GroovyStarter.rootLoader(GroovyStarter.java:109)
	at org.codehaus.groovy.tools.GroovyStarter.main(GroovyStarter.java:131)
)"/>
         <system-out><![CDATA[2018-12-19 17:20:31 - [TEST_CASE][FAILED] - Test Cases/Main Cases/Product Name/API/reqres/TC003_API_reqres_ChainAPI_users_validation_(using Test Data): Test Cases/Main Cases/Product Name/API/reqres/TC003_API_reqres_ChainAPI_users_validation_(using Test Data) FAILED because (of) (Stack trace: com.kms.katalon.core.exception.StepFailedException: Unable to send request (Root cause: javax.net.ssl.SSLException: Received fatal alert: <UNKNOWN ALERT: 196>)
	at com.kms.katalon.core.keyword.internal.KeywordMain.stepFailed(KeywordMain.groovy:36)
	at com.kms.katalon.core.keyword.internal.KeywordMain.stepFailed(KeywordMain.groovy)
	at com.kms.katalon.core.keyword.internal.KeywordMain.runKeyword(KeywordMain.groovy:56)
	at com.kms.katalon.core.webservice.keyword.builtin.SendRequestKeyword.sendRequest(SendRequestKeyword.groovy:43)
	at com.kms.katalon.core.webservice.keyword.builtin.SendRequestKeyword.execute(SendRequestKeyword.groovy:38)
	at com.kms.katalon.core.keyword.internal.KeywordExecutor.executeKeywordForPlatform(KeywordExecutor.groovy:53)
	at com.kms.katalon.core.webservice.keyword.WSBuiltInKeywords.sendRequest(WSBuiltInKeywords.groovy:40)
	at com.kms.katalon.core.webservice.keyword.WSBuiltInKeywords$sendRequest.call(Unknown Source)
	at Script1545208677514.run(Script1545208677514.groovy:34)
	at com.kms.katalon.core.main.ScriptEngine.run(ScriptEngine.java:183)
	at com.kms.katalon.core.main.ScriptEngine.runScriptAsRawText(ScriptEngine.java:108)
	at com.kms.katalon.core.main.TestCaseExecutor.runScript(TestCaseExecutor.java:294)
	at com.kms.katalon.core.main.TestCaseExecutor.doExecute(TestCaseExecutor.java:285)
	at com.kms.katalon.core.main.TestCaseExecutor.processExecutionPhase(TestCaseExecutor.java:264)
	at com.kms.katalon.core.main.TestCaseExecutor.accessMainPhase(TestCaseExecutor.java:256)
	at com.kms.katalon.core.main.TestCaseExecutor.execute(TestCaseExecutor.java:200)
	at com.kms.katalon.core.main.TestSuiteExecutor.accessTestCaseMainPhase(TestSuiteExecutor.java:129)
	at com.kms.katalon.core.main.TestSuiteExecutor.accessTestSuiteMainPhase(TestSuiteExecutor.java:112)
	at com.kms.katalon.core.main.TestSuiteExecutor.execute(TestSuiteExecutor.java:81)
	at com.kms.katalon.core.main.TestCaseMain.startTestSuite(TestCaseMain.java:142)
	at com.kms.katalon.core.main.TestCaseMain$startTestSuite$0.call(Unknown Source)
	at org.codehaus.groovy.runtime.callsite.CallSiteArray.defaultCall(CallSiteArray.java:48)
	at org.codehaus.groovy.runtime.callsite.AbstractCallSite.call(AbstractCallSite.java:113)
	at org.codehaus.groovy.runtime.callsite.AbstractCallSite.call(AbstractCallSite.java:141)
	at TempTestSuite1545214820096.run(TempTestSuite1545214820096.groovy:36)
	at groovy.lang.GroovyShell.runScriptOrMainOrTestOrRunnable(GroovyShell.java:263)
	at groovy.lang.GroovyShell.run(GroovyShell.java:518)
	at groovy.lang.GroovyShell.run(GroovyShell.java:507)
	at groovy.ui.GroovyMain.processOnce(GroovyMain.java:653)
	at groovy.ui.GroovyMain.run(GroovyMain.java:384)
	at groovy.ui.GroovyMain.process(GroovyMain.java:370)
	at groovy.ui.GroovyMain.processArgs(GroovyMain.java:129)
	at groovy.ui.GroovyMain.main(GroovyMain.java:109)
	at sun.reflect.NativeMethodAccessorImpl.invoke0(Native Method)
	at sun.reflect.NativeMethodAccessorImpl.invoke(NativeMethodAccessorImpl.java:62)
	at sun.reflect.DelegatingMethodAccessorImpl.invoke(DelegatingMethodAccessorImpl.java:43)
	at java.lang.reflect.Method.invoke(Method.java:498)
	at org.codehaus.groovy.tools.GroovyStarter.rootLoader(GroovyStarter.java:109)
	at org.codehaus.groovy.tools.GroovyStarter.main(GroovyStarter.java:131)
)

2018-12-19 17:20:31 - [TEST_STEP][PASSED] - Start listener action : beforeTestCase: Invoke 'com.kms.katalon.core.annotation.BeforeTestCase' method: 'TestCaseListener.beforeTestCase(...)' completed.

2018-12-19 17:20:31 - [TEST_STEP][PASSED] - Statement - responseListUsers = com.kms.katalon.core.webservice.keyword.WSBuiltInKeywords.sendRequest(com.kms.katalon.core.testobject.ObjectRepository.findTestObject(Web Service Object/Product Name/Chain_API/RESTful/reqres/GET_list_users, [URL:internal.GlobalVariable.G_reqres_URL, page:page])): Send request successfully

2018-12-19 17:20:31 - [MESSAGE][PASSED] - Send request successfully

2018-12-19 17:20:31 - [TEST_STEP][PASSED] - verifyResponseStatusCode: Verify response status code successfully

2018-12-19 17:20:31 - [MESSAGE][PASSED] - Verify response status code successfully

2018-12-19 17:20:31 - [TEST_STEP][PASSED] - verifyElementPropertyValue: Verify element property value successfully

2018-12-19 17:20:31 - [MESSAGE][PASSED] - Verify element property value successfully

2018-12-19 17:20:31 - [TEST_STEP][PASSED] - verifyElementPropertyValue: Verify element property value successfully

2018-12-19 17:20:31 - [MESSAGE][PASSED] - Verify element property value successfully

2018-12-19 17:20:31 - [TEST_STEP][PASSED] - verifyElementPropertyValue: Verify element property value successfully

2018-12-19 17:20:31 - [MESSAGE][PASSED] - Verify element property value successfully

2018-12-19 17:20:31 - [TEST_STEP][PASSED] - verifyElementPropertyValue: Verify element property value successfully

2018-12-19 17:20:31 - [MESSAGE][PASSED] - Verify element property value successfully

2018-12-19 17:20:31 - [TEST_STEP][PASSED] - verifyElementPropertyValue: Verify element property value successfully

2018-12-19 17:20:31 - [MESSAGE][PASSED] - Verify element property value successfully

2018-12-19 17:20:31 - [TEST_STEP][FAILED] - Statement - responseUser = com.kms.katalon.core.webservice.keyword.WSBuiltInKeywords.sendRequest(com.kms.katalon.core.testobject.ObjectRepository.findTestObject(Web Service Object/Product Name/Chain_API/RESTful/reqres/GET_single_user, [URL:internal.GlobalVariable.G_reqres_URL, user_id:user_id])): Unable to send request (Root cause: javax.net.ssl.SSLException: Received fatal alert: <UNKNOWN ALERT: 196>)

2018-12-19 17:20:31 - [MESSAGE][FAILED] - Unable to send request (Root cause: javax.net.ssl.SSLException: Received fatal alert: <UNKNOWN ALERT: 196>)

2018-12-19 17:20:31 - [TEST_STEP][PASSED] - Start listener action : afterTestCase: Invoke 'com.kms.katalon.core.annotation.AfterTestCase' method: 'TestCaseListener.afterTestCase(...)' completed.]]></system-out>
         <system-err><![CDATA[2018-12-19 17:20:31 - [TEST_CASE][FAILED] - Test Cases/Main Cases/Product Name/API/reqres/TC003_API_reqres_ChainAPI_users_validation_(using Test Data): Test Cases/Main Cases/Product Name/API/reqres/TC003_API_reqres_ChainAPI_users_validation_(using Test Data) FAILED because (of) (Stack trace: com.kms.katalon.core.exception.StepFailedException: Unable to send request (Root cause: javax.net.ssl.SSLException: Received fatal alert: <UNKNOWN ALERT: 196>)
	at com.kms.katalon.core.keyword.internal.KeywordMain.stepFailed(KeywordMain.groovy:36)
	at com.kms.katalon.core.keyword.internal.KeywordMain.stepFailed(KeywordMain.groovy)
	at com.kms.katalon.core.keyword.internal.KeywordMain.runKeyword(KeywordMain.groovy:56)
	at com.kms.katalon.core.webservice.keyword.builtin.SendRequestKeyword.sendRequest(SendRequestKeyword.groovy:43)
	at com.kms.katalon.core.webservice.keyword.builtin.SendRequestKeyword.execute(SendRequestKeyword.groovy:38)
	at com.kms.katalon.core.keyword.internal.KeywordExecutor.executeKeywordForPlatform(KeywordExecutor.groovy:53)
	at com.kms.katalon.core.webservice.keyword.WSBuiltInKeywords.sendRequest(WSBuiltInKeywords.groovy:40)
	at com.kms.katalon.core.webservice.keyword.WSBuiltInKeywords$sendRequest.call(Unknown Source)
	at Script1545208677514.run(Script1545208677514.groovy:34)
	at com.kms.katalon.core.main.ScriptEngine.run(ScriptEngine.java:183)
	at com.kms.katalon.core.main.ScriptEngine.runScriptAsRawText(ScriptEngine.java:108)
	at com.kms.katalon.core.main.TestCaseExecutor.runScript(TestCaseExecutor.java:294)
	at com.kms.katalon.core.main.TestCaseExecutor.doExecute(TestCaseExecutor.java:285)
	at com.kms.katalon.core.main.TestCaseExecutor.processExecutionPhase(TestCaseExecutor.java:264)
	at com.kms.katalon.core.main.TestCaseExecutor.accessMainPhase(TestCaseExecutor.java:256)
	at com.kms.katalon.core.main.TestCaseExecutor.execute(TestCaseExecutor.java:200)
	at com.kms.katalon.core.main.TestSuiteExecutor.accessTestCaseMainPhase(TestSuiteExecutor.java:129)
	at com.kms.katalon.core.main.TestSuiteExecutor.accessTestSuiteMainPhase(TestSuiteExecutor.java:112)
	at com.kms.katalon.core.main.TestSuiteExecutor.execute(TestSuiteExecutor.java:81)
	at com.kms.katalon.core.main.TestCaseMain.startTestSuite(TestCaseMain.java:142)
	at com.kms.katalon.core.main.TestCaseMain$startTestSuite$0.call(Unknown Source)
	at org.codehaus.groovy.runtime.callsite.CallSiteArray.defaultCall(CallSiteArray.java:48)
	at org.codehaus.groovy.runtime.callsite.AbstractCallSite.call(AbstractCallSite.java:113)
	at org.codehaus.groovy.runtime.callsite.AbstractCallSite.call(AbstractCallSite.java:141)
	at TempTestSuite1545214820096.run(TempTestSuite1545214820096.groovy:36)
	at groovy.lang.GroovyShell.runScriptOrMainOrTestOrRunnable(GroovyShell.java:263)
	at groovy.lang.GroovyShell.run(GroovyShell.java:518)
	at groovy.lang.GroovyShell.run(GroovyShell.java:507)
	at groovy.ui.GroovyMain.processOnce(GroovyMain.java:653)
	at groovy.ui.GroovyMain.run(GroovyMain.java:384)
	at groovy.ui.GroovyMain.process(GroovyMain.java:370)
	at groovy.ui.GroovyMain.processArgs(GroovyMain.java:129)
	at groovy.ui.GroovyMain.main(GroovyMain.java:109)
	at sun.reflect.NativeMethodAccessorImpl.invoke0(Native Method)
	at sun.reflect.NativeMethodAccessorImpl.invoke(NativeMethodAccessorImpl.java:62)
	at sun.reflect.DelegatingMethodAccessorImpl.invoke(DelegatingMethodAccessorImpl.java:43)
	at java.lang.reflect.Method.invoke(Method.java:498)
	at org.codehaus.groovy.tools.GroovyStarter.rootLoader(GroovyStarter.java:109)
	at org.codehaus.groovy.tools.GroovyStarter.main(GroovyStarter.java:131)
)]]></system-err>
      </testcase>
      <system-out><![CDATA[2018-12-19 17:20:22 - [TEST_SUITE][FAILED] - Verify common API: Test Cases/Main Cases/Product Name/API/reqres/TC003_API_reqres_ChainAPI_users_validation_(using Test Data) FAILED because (of) (Stack trace: com.kms.katalon.core.exception.StepFailedException: Unable to send request (Root cause: javax.net.ssl.SSLException: Received fatal alert: <UNKNOWN ALERT: 196>)
	at com.kms.katalon.core.keyword.internal.KeywordMain.stepFailed(KeywordMain.groovy:36)
	at com.kms.katalon.core.keyword.internal.KeywordMain.stepFailed(KeywordMain.groovy)
	at com.kms.katalon.core.keyword.internal.KeywordMain.runKeyword(KeywordMain.groovy:56)
	at com.kms.katalon.core.webservice.keyword.builtin.SendRequestKeyword.sendRequest(SendRequestKeyword.groovy:43)
	at com.kms.katalon.core.webservice.keyword.builtin.SendRequestKeyword.execute(SendRequestKeyword.groovy:38)
	at com.kms.katalon.core.keyword.internal.KeywordExecutor.executeKeywordForPlatform(KeywordExecutor.groovy:53)
	at com.kms.katalon.core.webservice.keyword.WSBuiltInKeywords.sendRequest(WSBuiltInKeywords.groovy:40)
	at com.kms.katalon.core.webservice.keyword.WSBuiltInKeywords$sendRequest.call(Unknown Source)
	at Script1545208677514.run(Script1545208677514.groovy:34)
	at com.kms.katalon.core.main.ScriptEngine.run(ScriptEngine.java:183)
	at com.kms.katalon.core.main.ScriptEngine.runScriptAsRawText(ScriptEngine.java:108)
	at com.kms.katalon.core.main.TestCaseExecutor.runScript(TestCaseExecutor.java:294)
	at com.kms.katalon.core.main.TestCaseExecutor.doExecute(TestCaseExecutor.java:285)
	at com.kms.katalon.core.main.TestCaseExecutor.processExecutionPhase(TestCaseExecutor.java:264)
	at com.kms.katalon.core.main.TestCaseExecutor.accessMainPhase(TestCaseExecutor.java:256)
	at com.kms.katalon.core.main.TestCaseExecutor.execute(TestCaseExecutor.java:200)
	at com.kms.katalon.core.main.TestSuiteExecutor.accessTestCaseMainPhase(TestSuiteExecutor.java:129)
	at com.kms.katalon.core.main.TestSuiteExecutor.accessTestSuiteMainPhase(TestSuiteExecutor.java:112)
	at com.kms.katalon.core.main.TestSuiteExecutor.execute(TestSuiteExecutor.java:81)
	at com.kms.katalon.core.main.TestCaseMain.startTestSuite(TestCaseMain.java:142)
	at com.kms.katalon.core.main.TestCaseMain$startTestSuite$0.call(Unknown Source)
	at org.codehaus.groovy.runtime.callsite.CallSiteArray.defaultCall(CallSiteArray.java:48)
	at org.codehaus.groovy.runtime.callsite.AbstractCallSite.call(AbstractCallSite.java:113)
	at org.codehaus.groovy.runtime.callsite.AbstractCallSite.call(AbstractCallSite.java:141)
	at TempTestSuite1545214820096.run(TempTestSuite1545214820096.groovy:36)
	at groovy.lang.GroovyShell.runScriptOrMainOrTestOrRunnable(GroovyShell.java:263)
	at groovy.lang.GroovyShell.run(GroovyShell.java:518)
	at groovy.lang.GroovyShell.run(GroovyShell.java:507)
	at groovy.ui.GroovyMain.processOnce(GroovyMain.java:653)
	at groovy.ui.GroovyMain.run(GroovyMain.java:384)
	at groovy.ui.GroovyMain.process(GroovyMain.java:370)
	at groovy.ui.GroovyMain.processArgs(GroovyMain.java:129)
	at groovy.ui.GroovyMain.main(GroovyMain.java:109)
	at sun.reflect.NativeMethodAccessorImpl.invoke0(Native Method)
	at sun.reflect.NativeMethodAccessorImpl.invoke(NativeMethodAccessorImpl.java:62)
	at sun.reflect.DelegatingMethodAccessorImpl.invoke(DelegatingMethodAccessorImpl.java:43)
	at java.lang.reflect.Method.invoke(Method.java:498)
	at org.codehaus.groovy.tools.GroovyStarter.rootLoader(GroovyStarter.java:109)
	at org.codehaus.groovy.tools.GroovyStarter.main(GroovyStarter.java:131)
)]]></system-out>
      <system-err><![CDATA[2018-12-19 17:20:22 - [TEST_SUITE][FAILED] - Verify common API: Test Cases/Main Cases/Product Name/API/reqres/TC003_API_reqres_ChainAPI_users_validation_(using Test Data) FAILED because (of) (Stack trace: com.kms.katalon.core.exception.StepFailedException: Unable to send request (Root cause: javax.net.ssl.SSLException: Received fatal alert: <UNKNOWN ALERT: 196>)
	at com.kms.katalon.core.keyword.internal.KeywordMain.stepFailed(KeywordMain.groovy:36)
	at com.kms.katalon.core.keyword.internal.KeywordMain.stepFailed(KeywordMain.groovy)
	at com.kms.katalon.core.keyword.internal.KeywordMain.runKeyword(KeywordMain.groovy:56)
	at com.kms.katalon.core.webservice.keyword.builtin.SendRequestKeyword.sendRequest(SendRequestKeyword.groovy:43)
	at com.kms.katalon.core.webservice.keyword.builtin.SendRequestKeyword.execute(SendRequestKeyword.groovy:38)
	at com.kms.katalon.core.keyword.internal.KeywordExecutor.executeKeywordForPlatform(KeywordExecutor.groovy:53)
	at com.kms.katalon.core.webservice.keyword.WSBuiltInKeywords.sendRequest(WSBuiltInKeywords.groovy:40)
	at com.kms.katalon.core.webservice.keyword.WSBuiltInKeywords$sendRequest.call(Unknown Source)
	at Script1545208677514.run(Script1545208677514.groovy:34)
	at com.kms.katalon.core.main.ScriptEngine.run(ScriptEngine.java:183)
	at com.kms.katalon.core.main.ScriptEngine.runScriptAsRawText(ScriptEngine.java:108)
	at com.kms.katalon.core.main.TestCaseExecutor.runScript(TestCaseExecutor.java:294)
	at com.kms.katalon.core.main.TestCaseExecutor.doExecute(TestCaseExecutor.java:285)
	at com.kms.katalon.core.main.TestCaseExecutor.processExecutionPhase(TestCaseExecutor.java:264)
	at com.kms.katalon.core.main.TestCaseExecutor.accessMainPhase(TestCaseExecutor.java:256)
	at com.kms.katalon.core.main.TestCaseExecutor.execute(TestCaseExecutor.java:200)
	at com.kms.katalon.core.main.TestSuiteExecutor.accessTestCaseMainPhase(TestSuiteExecutor.java:129)
	at com.kms.katalon.core.main.TestSuiteExecutor.accessTestSuiteMainPhase(TestSuiteExecutor.java:112)
	at com.kms.katalon.core.main.TestSuiteExecutor.execute(TestSuiteExecutor.java:81)
	at com.kms.katalon.core.main.TestCaseMain.startTestSuite(TestCaseMain.java:142)
	at com.kms.katalon.core.main.TestCaseMain$startTestSuite$0.call(Unknown Source)
	at org.codehaus.groovy.runtime.callsite.CallSiteArray.defaultCall(CallSiteArray.java:48)
	at org.codehaus.groovy.runtime.callsite.AbstractCallSite.call(AbstractCallSite.java:113)
	at org.codehaus.groovy.runtime.callsite.AbstractCallSite.call(AbstractCallSite.java:141)
	at TempTestSuite1545214820096.run(TempTestSuite1545214820096.groovy:36)
	at groovy.lang.GroovyShell.runScriptOrMainOrTestOrRunnable(GroovyShell.java:263)
	at groovy.lang.GroovyShell.run(GroovyShell.java:518)
	at groovy.lang.GroovyShell.run(GroovyShell.java:507)
	at groovy.ui.GroovyMain.processOnce(GroovyMain.java:653)
	at groovy.ui.GroovyMain.run(GroovyMain.java:384)
	at groovy.ui.GroovyMain.process(GroovyMain.java:370)
	at groovy.ui.GroovyMain.processArgs(GroovyMain.java:129)
	at groovy.ui.GroovyMain.main(GroovyMain.java:109)
	at sun.reflect.NativeMethodAccessorImpl.invoke0(Native Method)
	at sun.reflect.NativeMethodAccessorImpl.invoke(NativeMethodAccessorImpl.java:62)
	at sun.reflect.DelegatingMethodAccessorImpl.invoke(DelegatingMethodAccessorImpl.java:43)
	at java.lang.reflect.Method.invoke(Method.java:498)
	at org.codehaus.groovy.tools.GroovyStarter.rootLoader(GroovyStarter.java:109)
	at org.codehaus.groovy.tools.GroovyStarter.main(GroovyStarter.java:131)
)]]></system-err>
   </testsuite>
</testsuites>
